<?xml version="1.0" encoding="UTF-8" standalone="yes"?>
<testsuites name="TS" time="12" tests="3" failures="0" errors="0">
    <testsuite name="TS" tests="3" failures="0" errors="0" time="12" timestamp="2019-08-13 14:14:57" hostname="Hamza - DESKTOP-JRBJHUE" id="Test Suites/TS">
        <properties>
            <property name="deviceName" value=""/>
            <property name="devicePlatform" value=""/>
            <property name="logFolder" value="C:\\Users\\Hamza\\Katalon Studio\\ApiPartThreeTesting\\Reports\\TS\\20190813_141449"/>
            <property name="logFiles" value="C:\\Users\\Hamza\\Katalon Studio\\ApiPartThreeTesting\\Reports\\TS\\20190813_141449\\execution0.log"/>
            <property name="attachments" value=""/>
            <property name="hostName" value="Hamza - DESKTOP-JRBJHUE"/>
            <property name="hostAddress" value="192.168.1.7"/>
            <property name="os" value="Windows 10 64bit"/>
            <property name="katalonVersion" value="6.2.0.1"/>
        </properties>
        <testcase name="Test Cases/DataDriven" classname="Test Cases/DataDriven" status="PASSED">
            <system-out>2019-08-13 14:14:58 - [TEST_CASE][PASSED] - Test Cases/DataDriven: Test Cases/DataDriven&#xD;
&#xD;
2019-08-13 14:15:00 - [TEST_STEP][PASSED] - response1 = sendRequest(findTestObject("register", ["email":email])): Send request successfully&#xD;
&#xD;
2019-08-13 14:15:07 - [MESSAGE][INFO] - HAR: C:\Users\Hamza\Katalon Studio\ApiPartThreeTesting\Reports\TS\20190813_141449\requests\main\0.har&#xD;
&#xD;
2019-08-13 14:15:08 - [MESSAGE][PASSED] - Send request successfully&#xD;
&#xD;
2019-08-13 14:15:08 - [TEST_STEP][PASSED] - xml = new groovy.json.JsonSlurper(): null&#xD;
&#xD;
2019-08-13 14:15:08 - [TEST_STEP][PASSED] - dataValue = xml.parseText(response1.getResponseBodyContent()): null&#xD;
&#xD;
2019-08-13 14:15:08 - [TEST_STEP][PASSED] - dataSpeci = id: null&#xD;
&#xD;
2019-08-13 14:15:08 - [TEST_STEP][PASSED] - println("The ID is " + dataSpeci): null</system-out>
            <system-err></system-err>
        </testcase>
        <testcase name="Test Cases/DataDriven" classname="Test Cases/DataDriven" status="PASSED">
            <system-out>2019-08-13 14:15:08 - [TEST_CASE][PASSED] - Test Cases/DataDriven: Test Cases/DataDriven&#xD;
&#xD;
2019-08-13 14:15:08 - [TEST_STEP][PASSED] - response1 = sendRequest(findTestObject("register", ["email":email])): Send request successfully&#xD;
&#xD;
2019-08-13 14:15:09 - [MESSAGE][INFO] - HAR: C:\Users\Hamza\Katalon Studio\ApiPartThreeTesting\Reports\TS\20190813_141449\requests\main\1.har&#xD;
&#xD;
2019-08-13 14:15:09 - [MESSAGE][PASSED] - Send request successfully&#xD;
&#xD;
2019-08-13 14:15:09 - [TEST_STEP][PASSED] - xml = new groovy.json.JsonSlurper(): null&#xD;
&#xD;
2019-08-13 14:15:09 - [TEST_STEP][PASSED] - dataValue = xml.parseText(response1.getResponseBodyContent()): null&#xD;
&#xD;
2019-08-13 14:15:09 - [TEST_STEP][PASSED] - dataSpeci = id: null&#xD;
&#xD;
2019-08-13 14:15:09 - [TEST_STEP][PASSED] - println("The ID is " + dataSpeci): null</system-out>
            <system-err></system-err>
        </testcase>
        <testcase name="Test Cases/DataDriven" classname="Test Cases/DataDriven" status="PASSED">
            <system-out>2019-08-13 14:15:09 - [TEST_CASE][PASSED] - Test Cases/DataDriven: Test Cases/DataDriven&#xD;
&#xD;
2019-08-13 14:15:09 - [TEST_STEP][PASSED] - response1 = sendRequest(findTestObject("register", ["email":email])): Send request successfully&#xD;
&#xD;
2019-08-13 14:15:10 - [MESSAGE][INFO] - HAR: C:\Users\Hamza\Katalon Studio\ApiPartThreeTesting\Reports\TS\20190813_141449\requests\main\2.har&#xD;
&#xD;
2019-08-13 14:15:10 - [MESSAGE][PASSED] - Send request successfully&#xD;
&#xD;
2019-08-13 14:15:10 - [TEST_STEP][PASSED] - xml = new groovy.json.JsonSlurper(): null&#xD;
&#xD;
2019-08-13 14:15:10 - [TEST_STEP][PASSED] - dataValue = xml.parseText(response1.getResponseBodyContent()): null&#xD;
&#xD;
2019-08-13 14:15:10 - [TEST_STEP][PASSED] - dataSpeci = id: null&#xD;
&#xD;
2019-08-13 14:15:10 - [TEST_STEP][PASSED] - println("The ID is " + dataSpeci): null</system-out>
            <system-err></system-err>
        </testcase>
        <system-out>2019-08-13 14:14:57 - [TEST_SUITE][INCOMPLETE] - TS: null</system-out>
        <system-err>2019-08-13 14:14:57 - [TEST_SUITE][INCOMPLETE] - TS: null</system-err>
    </testsuite>
</testsuites>
