<?xml version="1.0" encoding="UTF-8" standalone="yes"?>
<testsuites name="TSOne" time="9" tests="1" failures="0" errors="0">
    <testsuite name="TSOne" tests="1" failures="0" errors="0" time="9" timestamp="2019-08-13 14:13:49" hostname="Hamza - DESKTOP-JRBJHUE" id="Test Suites/TSOne">
        <properties>
            <property name="deviceName" value=""/>
            <property name="devicePlatform" value=""/>
            <property name="logFolder" value="C:\\Users\\Hamza\\Katalon Studio\\ApiPartThreeTesting\\Reports\\TSOne\\20190813_141341"/>
            <property name="logFiles" value="C:\\Users\\Hamza\\Katalon Studio\\ApiPartThreeTesting\\Reports\\TSOne\\20190813_141341\\execution0.log"/>
            <property name="attachments" value=""/>
            <property name="hostName" value="Hamza - DESKTOP-JRBJHUE"/>
            <property name="hostAddress" value="192.168.1.7"/>
            <property name="os" value="Windows 10 64bit"/>
            <property name="katalonVersion" value="6.2.0.1"/>
        </properties>
        <testcase name="Test Cases/ApiExtract" classname="Test Cases/ApiExtract" status="PASSED">
            <system-out>2019-08-13 14:13:50 - [TEST_CASE][PASSED] - Test Cases/ApiExtract: Test Cases/ApiExtract&#xD;
&#xD;
2019-08-13 14:13:51 - [TEST_STEP][PASSED] - response = sendRequest(findTestObject("ListAllUsers")): Send request successfully&#xD;
&#xD;
2019-08-13 14:13:56 - [MESSAGE][INFO] - HAR: C:\Users\Hamza\Katalon Studio\ApiPartThreeTesting\Reports\TSOne\20190813_141341\requests\main\0.har&#xD;
&#xD;
2019-08-13 14:13:57 - [MESSAGE][PASSED] - Send request successfully&#xD;
&#xD;
2019-08-13 14:13:57 - [TEST_STEP][PASSED] - xml = new groovy.json.JsonSlurper(): null&#xD;
&#xD;
2019-08-13 14:13:57 - [TEST_STEP][PASSED] - dataValue = xml.parseText(response.getResponseBodyContent()): null&#xD;
&#xD;
2019-08-13 14:13:57 - [TEST_STEP][PASSED] - dataSpeci = email: null&#xD;
&#xD;
2019-08-13 14:13:57 - [TEST_STEP][PASSED] - println(dataSpeci): null&#xD;
&#xD;
2019-08-13 14:13:57 - [TEST_STEP][PASSED] - response2 = sendRequest(findTestObject("register", ["email":email])): Send request successfully&#xD;
&#xD;
2019-08-13 14:13:59 - [MESSAGE][INFO] - HAR: C:\Users\Hamza\Katalon Studio\ApiPartThreeTesting\Reports\TSOne\20190813_141341\requests\main\1.har&#xD;
&#xD;
2019-08-13 14:13:59 - [MESSAGE][PASSED] - Send request successfully&#xD;
&#xD;
2019-08-13 14:13:59 - [TEST_STEP][PASSED] - xmlTwo = new groovy.json.JsonSlurper(): null</system-out>
            <system-err></system-err>
        </testcase>
        <system-out>2019-08-13 14:13:49 - [TEST_SUITE][INCOMPLETE] - TSOne: null</system-out>
        <system-err>2019-08-13 14:13:49 - [TEST_SUITE][INCOMPLETE] - TSOne: null</system-err>
    </testsuite>
</testsuites>
